  Database.cpp
c:\users\josh\desktop\sdi2coursework\code\moviedatabase\moviedatabase\database.cpp(68): warning C4129: 'M': unrecognized character escape sequence
c:\users\josh\desktop\sdi2coursework\code\moviedatabase\moviedatabase\database.cpp(116): warning C4129: 'C': unrecognized character escape sequence
c:\users\josh\desktop\sdi2coursework\code\moviedatabase\moviedatabase\templates.cpp(15): warning C4244: 'initializing': conversion from 'double' to 'int', possible loss of data
  c:\users\josh\desktop\sdi2coursework\code\moviedatabase\moviedatabase\database.cpp(84): note: see reference to function template instantiation 'T *Find<Film>(std::string,std::vector<Film,std::allocator<_Ty>> *)' being compiled
          with
          [
              T=Film,
              _Ty=Film
          ]
c:\users\josh\desktop\sdi2coursework\code\moviedatabase\moviedatabase\templates.cpp(41): warning C4244: '=': conversion from 'double' to 'int', possible loss of data
  c:\users\josh\desktop\sdi2coursework\code\moviedatabase\moviedatabase\database.cpp(323): note: see reference to function template instantiation 'int InOrder<Actor>(T,std::vector<Actor,std::allocator<_Ty>>)' being compiled
          with
          [
              T=Actor,
              _Ty=Actor
          ]
c:\users\josh\desktop\sdi2coursework\code\moviedatabase\moviedatabase\templates.cpp(69): warning C4244: '=': conversion from 'double' to 'int', possible loss of data
  c:\users\josh\desktop\sdi2coursework\code\moviedatabase\moviedatabase\database.cpp(1057): note: see reference to function template instantiation 'int GetIndex<Actor>(std::string,std::vector<Actor,std::allocator<_Ty>>)' being compiled
          with
          [
              _Ty=Actor
          ]
  MovieDatabase.vcxproj -> C:\Users\Josh\Desktop\SDI2Coursework\CODE\MovieDatabase\Debug\MovieDatabase.exe
